- [OUTPUT] ft_printf("%-*.98u%-124i%-192.2d" ,117,4198534266u,1421101220,-12188465)
   expected: "00000000000000000000000000000000000000000000000000000000000000000000000000000000000000004198534266                   1421101220                                                                                                                  -12188465                                                                                                                                                                                       "
   actual:   ""

- [OUTPUT] ft_printf("%-*.*i%-19.119%" ,158,176,-448314345)
   expected: "-00000000000000000000000000000000000000000000000000000000000000000000000000000000000000000000000000000000000000000000000000000000000000000000000000000000000000000000000448314345%                  "
   actual:   ""

- [OUTPUT] ft_printf("%-75.38s%-148.135s%00156.106i%-*.105%" ,"q;&kDMa}NfJoOp\\luHJ",NULL,1930062644,105)
   expected: "q;&kDMa}NfJoOp\luHJ                                                        (null)                                                                                                                                                                                                0000000000000000000000000000000000000000000000000000000000000000000000000000000000000000000000001930062644%                                                                                                        "
   actual:   "q;&kDMa}NfJoOp\luHJ                                                        (null)                                                                                                                                                                                                0000000000000000000000000000000000000000000000000000000000000000000000000000000000000000000000001930062644"

- [OUTPUT] ft_printf("%--143.5d%-*.127x%--120.89X%-*.193X" ,1846472017,-7,2195740708u,1658686933u,-58,3646533575u)
   expected: "1846472017                                                                                                                                     0000000000000000000000000000000000000000000000000000000000000000000000000000000000000000000000000000000000000000000000082e0582400000000000000000000000000000000000000000000000000000000000000000000000000000000062DD8DD5                               00000000000000000000000000000000000000000000000000000000000000000000000000000000000000000000000000000000000000000000000000000000000000000000000000000000000000000000000000000000000000000D959AFC7"
   actual:   "1846472017                                                                                                                                     "

- [OUTPUT] ft_printf("%-149.*%%-114.120i%0*.24%%--*.28d" ,-63,1318471055,-125,-68,-1205906582)
   expected: "%                                                                                                                                                    000000000000000000000000000000000000000000000000000000000000000000000000000000000000000000000000000000000000001318471055%                                                                                                                            -0000000000000000001205906582                                       "
   actual:   "%                                                                                                                                                    000000000000000000000000000000000000000000000000000000000000000000000000000000000000000000000000000000000000001318471055%"

- [OUTPUT] ft_printf("%-102p%-91p%00*.32%" ,(void*)17383623580121946936lu,(void*)6825043625903153404lu,-125)
   expected: "0xf13f098b3245db38                                                                                    0x5eb76d04628060fc                                                                         %                                                                                                                            "
   actual:   "0xf13f098b3245db38                                                                                    0x5eb76d04628060fc                                                                         "

- [OUTPUT] ft_printf("%71c%-*.164u%-120.105u" ,58,106,3206019297u,1452705981u)
   expected: "                                                                      :00000000000000000000000000000000000000000000000000000000000000000000000000000000000000000000000000000000000000000000000000000000000000000000000000000000003206019297000000000000000000000000000000000000000000000000000000000000000000000000000000000000000000000001452705981               "
   actual:   "                                                                      :"

- [OUTPUT] ft_printf("%-*c" ,-80,123)
   expected: "{                                                                               "
   actual:   ""

- [OUTPUT] ft_printf("%--3.115X%-*.*%%58c%-117.63u%---78p" ,3653275853u,81,-117,10,958058058u,(void*)8835148381236382049lu)
   expected: "00000000000000000000000000000000000000000000000000000000000000000000000000000000000000000000000000000000000D9C090CD%                                                                                                                                         000000000000000000000000000000000000000000000000000000958058058                                                      0x7a9cc0a461764961                                                            \n"
   actual:   "00000000000000000000000000000000000000000000000000000000000000000000000000000000000000000000000000000000000D9C090CD"

- [OUTPUT] ft_printf("%-69.27%%--*p" ,-94,(void*)7045295314441527752lu)
   expected: "%                                                                    0x61c5eac2cb02e1c8                                                                            "
   actual:   "%                                                                    "

- [OUTPUT] ft_printf("%--110.93x%--78.123s%--30.92X%-45.57%%-*.68s" ,218095759u,"lCyN\r",1729010453u,134,"OxhROR`$;.U*;0zEm>e\r")
   expected: "00000000000000000000000000000000000000000000000000000000000000000000000000000000000000cffe08f                 lCyN                                                                         000000000000000000000000000000000000000000000000000000000000000000000000000000000000670E9B15%                                            OxhROR`$;.U*;0zEm>e                                                                                                                  \r\r"
   actual:   "00000000000000000000000000000000000000000000000000000000000000000000000000000000000000cffe08f                 lCyN                                                                         000000000000000000000000000000000000000000000000000000000000000000000000000000000000670E9B15%                                            \r"

- [OUTPUT] ft_printf("%-82.43i%-*.82%%-*.20X" ,-1945174241,-26,94,1446072230u)
   expected: "-0000000000000000000000000000000001945174241                                      %                         00000000000056314FA6                                                                          "
   actual:   "-0000000000000000000000000000000001945174241                                      "

- [OUTPUT] ft_printf("%--11.12d%0107.151x%-*.98i" ,1895257560,1269322791u,120,370452255)
   expected: "001895257560000000000000000000000000000000000000000000000000000000000000000000000000000000000000000000000000000000000000000000000000000000000000000000000004ba8542700000000000000000000000000000000000000000000000000000000000000000000000000000000000000000370452255                      "
   actual:   "001895257560000000000000000000000000000000000000000000000000000000000000000000000000000000000000000000000000000000000000000000000000000000000000000000000004ba85427"

- [OUTPUT] ft_printf("%--140.183u%-*.35u" ,3194611513u,-160,4264407200u)
   expected: "00000000000000000000000000000000000000000000000000000000000000000000000000000000000000000000000000000000000000000000000000000000000000000000000000000000000000000000000000000319461151300000000000000000000000004264407200                                                                                                                             "
   actual:   "000000000000000000000000000000000000000000000000000000000000000000000000000000000000000000000000000000000000000000000000000000000000000000000000000000000000000000000000000003194611513"

- [OUTPUT] ft_printf("%-55.40s%--144c%-*.137i%093.12u" ,"M7>#/:*2BGG>zjU2zP'l$H(A4rY",38,53,65160444,3566926644u)
   expected: "M7>#/:*2BGG>zjU2zP'l$H(A4rY                            &                                                                                                                                               00000000000000000000000000000000000000000000000000000000000000000000000000000000000000000000000000000000000000000000000000000000065160444                                                                                 003566926644"
   actual:   "M7>#/:*2BGG>zjU2zP'l$H(A4rY                            &                                                                                                                                               "

- [OUTPUT] ft_printf("%-*c" ,162,89)
   expected: "Y                                                                                                                                                                 "
   actual:   ""

- [OUTPUT] ft_printf("%57c%-76.*s%--38p%-*.159X%000193.93X" ,55,-20,"@(ECnQ^2yp,6x4F\fwA*iLS\fgt,De",(void*)15808961691193129302lu,168,1914174653u,2368364743u)
   expected: "                                                        7@(ECnQ^2yp,6x4FwA*iLSgt,De                                                0xdb64b6e60f533956                    00000000000000000000000000000000000000000000000000000000000000000000000000000000000000000000000000000000000000000000000000000000000000000000000000000007217FCBD                                                                                                             00000000000000000000000000000000000000000000000000000000000000000000000000000000000008D2A60C7\0c\0c"
   actual:   "                                                        7@(ECnQ^2yp,6x4FwA*iLSgt,De                                                0xdb64b6e60f533956                    \0c\0c"

- [OUTPUT] ft_printf("%--140.*d%-169.198X%-*.93%" ,-176,2043379162,1756246551u,32)
   expected: "2043379162                                                                                                                                  000000000000000000000000000000000000000000000000000000000000000000000000000000000000000000000000000000000000000000000000000000000000000000000000000000000000000000000000000000000000000000000068AE3217%                               "
   actual:   "2043379162                                                                                                                                  000000000000000000000000000000000000000000000000000000000000000000000000000000000000000000000000000000000000000000000000000000000000000000000000000000000000000000000000000000000000000000000068AE3217"

- [OUTPUT] ft_printf("%--81.144s%-*c%--138X" ,"nr:W1kw_#&(;C9k",195,57,2353642673u)
   expected: "nr:W1kw_#&(;C9k                                                                  9                                                                                                                                                                                                  8C49BCB1                                                                                                                                  "
   actual:   "nr:W1kw_#&(;C9k                                                                  "

- [OUTPUT] ft_printf("%-*c%-141p%-28.9u" ,-65,-4,(void*)7073624398654675005lu,113714125u)
   expected: "                                                                0x622a8fe9b459183d                                                                                                                           113714125                   \fc"
   actual:   ""

- [OUTPUT] ft_printf("%-70.21i%-*.115s%--57.196%%83.157s" ,502357737,80,"D5*;&'q|R:2T>","S}Vl41s`R:E_p>$R.\f9N")
   expected: "000000000000502357737                                                 D5*;&'q|R:2T>                                                                   %                                                                                                                       S}Vl41s`R:E_p>$R.9N\0c"
   actual:   "000000000000502357737                                                 "

- [OUTPUT] ft_printf("%00129.196u%-186.*d%--120.109d%-*.90s" ,3849192113u,-29,-424660320,-653417313,71,"O#SeWbH`V")
   expected: "0000000000000000000000000000000000000000000000000000000000000000000000000000000000000000000000000000000000000000000000000000000000000000000000000000000000000000000000000000000000000000003849192113-424660320                                                                                                                                                                                -0000000000000000000000000000000000000000000000000000000000000000000000000000000000000000000000000000653417313          O#SeWbH`V                                                              "
   actual:   "0000000000000000000000000000000000000000000000000000000000000000000000000000000000000000000000000000000000000000000000000000000000000000000000000000000000000000000000000000000000000000003849192113-424660320                                                                                                                                                                                -0000000000000000000000000000000000000000000000000000000000000000000000000000000000000000000000000000653417313          "

- [OUTPUT] ft_printf("%-*.144d%-36c%-96c%-c" ,196,-910445343,-65,124,87)
   expected: "-000000000000000000000000000000000000000000000000000000000000000000000000000000000000000000000000000000000000000000000000000000000000000910445343                                                                                      |                                                                                               W\bf"
   actual:   ""

- [OUTPUT] ft_printf("%--*X%-88.73i" ,-14,2096742096u,754878051)
   expected: "7CF9BED0      0000000000000000000000000000000000000000000000000000000000000000754878051               "
   actual:   ""

- [OUTPUT] ft_printf("%-*.156x%0033.100u%0.104i%-4.150x%-90.%" ,28,4190048377u,3783020883u,-1750158056,3765069756u)
   expected: "0000000000000000000000000000000000000000000000000000000000000000000000000000000000000000000000000000000000000000000000000000000000000000000000000000f9bf10790000000000000000000000000000000000000000000000000000000000000000000000000000000000000000003783020883-000000000000000000000000000000000000000000000000000000000000000000000000000000000000000000000017501580560000000000000000000000000000000000000000000000000000000000000000000000000000000000000000000000000000000000000000000000000000000000000000000000e06a67bc%                                                                                         "
   actual:   ""

- [OUTPUT] ft_printf("%--150.*d%01.172i%--151.122d%--*.110x%--23.182%" ,193,-1523409169,453642614,881460015,68,2920216226u)
   expected: "-0000000000000000000000000000000000000000000000000000000000000000000000000000000000000000000000000000000000000000000000000000000000000000000000000000000000000000000000000000000000000001523409169000000000000000000000000000000000000000000000000000000000000000000000000000000000000000000000000000000000000000000000000000000000000000000000000000000000000000000045364261400000000000000000000000000000000000000000000000000000000000000000000000000000000000000000000000000000000000000000881460015                             000000000000000000000000000000000000000000000000000000000000000000000000000000000000000000000000000000ae0ef6a2%                      "
   actual:   "-0000000000000000000000000000000000000000000000000000000000000000000000000000000000000000000000000000000000000000000000000000000000000000000000000000000000000000000000000000000000000001523409169000000000000000000000000000000000000000000000000000000000000000000000000000000000000000000000000000000000000000000000000000000000000000000000000000000000000000000045364261400000000000000000000000000000000000000000000000000000000000000000000000000000000000000000000000000000000000000000881460015                             "

- [OUTPUT] ft_printf("%-66p%-90c%--*.69x%0045.*u" ,(void*)9420165689360028937lu,-29,-122,174318236u,-127,2553740548u)
   expected: "0x82bb26c8c7a09509                                                                                                                                         00000000000000000000000000000000000000000000000000000000000000a63e29c                                                     000000000000000000000000000000000002553740548\e3"
   actual:   "0x82bb26c8c7a09509                                                                                                                                         \e3"

- [OUTPUT] ft_printf("%00142.67d%-87.120s%-21.160%%-*.98d%-105.71d" ,1277409698,"/]>n?I^K$-",-187,-569482950,1801496736)
   expected: "                                                                           0000000000000000000000000000000000000000000000000000000001277409698/]>n?I^K$-                                                                             %                    -00000000000000000000000000000000000000000000000000000000000000000000000000000000000000000569482950                                                                                        00000000000000000000000000000000000000000000000000000000000001801496736                                  "
   actual:   "                                                                           0000000000000000000000000000000000000000000000000000000001277409698/]>n?I^K$-                                                                             %                    "

